# JRE version: Java(TM) SE Runtime Environment (8.0_131-b11) (build 1.8.0_131-b11)
# Java VM: Java HotSpot(TM) 64-Bit Server VM (25.131-b11 mixed mode windows-amd64 compressed oops)
Heap:
 PSYoungGen      total 76800K, used 17198K [0x00000000eb100000, 0x00000000f0f80000, 0x0000000100000000)
  eden space 76288K, 22% used [0x00000000eb100000,0x00000000ec17b8e0,0x00000000efb80000)
  from space 512K, 62% used [0x00000000efd80000,0x00000000efdd0020,0x00000000efe00000)
  to   space 10240K, 0% used [0x00000000f0580000,0x00000000f0580000,0x00000000f0f80000)
 ParOldGen       total 120320K, used 60821K [0x00000000c1200000, 0x00000000c8780000, 0x00000000eb100000)
  object space 120320K, 50% used [0x00000000c1200000,0x00000000c4d65458,0x00000000c8780000)
 Metaspace       used 70578K, capacity 71646K, committed 72024K, reserved 1112064K
  class space    used 8639K, capacity 8918K, committed 9048K, reserved 1048576K
GC Heap History (10 events):
Event: 1173.146 GC heap before
{Heap before GC invocations=44 (full 3):
 PSYoungGen      total 96768K, used 87712K [0x00000000eb100000, 0x00000000f1e80000, 0x0000000100000000)
  eden space 87552K, 100% used [0x00000000eb100000,0x00000000f0680000,0x00000000f0680000)
  from space 9216K, 1% used [0x00000000f1580000,0x00000000f15a8000,0x00000000f1e80000)
  to   space 12288K, 0% used [0x00000000f0680000,0x00000000f0680000,0x00000000f1280000)
 ParOldGen       total 120320K, used 60733K [0x00000000c1200000, 0x00000000c8780000, 0x00000000eb100000)
  object space 120320K, 50% used [0x00000000c1200000,0x00000000c4d4f458,0x00000000c8780000)
 Metaspace       used 70553K, capacity 71646K, committed 72024K, reserved 1112064K
  class space    used 8637K, capacity 8918K, committed 9048K, reserved 1048576K
Event: 1173.150 GC heap after
Heap after GC invocations=44 (full 3):
 PSYoungGen      total 85504K, used 160K [0x00000000eb100000, 0x00000000f1c00000, 0x0000000100000000)
  eden space 84992K, 0% used [0x00000000eb100000,0x00000000eb100000,0x00000000f0400000)
  from space 512K, 31% used [0x00000000f0680000,0x00000000f06a8000,0x00000000f0700000)
  to   space 12288K, 0% used [0x00000000f1000000,0x00000000f1000000,0x00000000f1c00000)
 ParOldGen       total 120320K, used 60765K [0x00000000c1200000, 0x00000000c8780000, 0x00000000eb100000)
  object space 120320K, 50% used [0x00000000c1200000,0x00000000c4d57458,0x00000000c8780000)
 Metaspace       used 70553K, capacity 71646K, committed 72024K, reserved 1112064K
  class space    used 8637K, capacity 8918K, committed 9048K, reserved 1048576K
}
Event: 1176.705 GC heap before
{Heap before GC invocations=45 (full 3):
 PSYoungGen      total 85504K, used 85152K [0x00000000eb100000, 0x00000000f1c00000, 0x0000000100000000)
  eden space 84992K, 100% used [0x00000000eb100000,0x00000000f0400000,0x00000000f0400000)
  from space 512K, 31% used [0x00000000f0680000,0x00000000f06a8000,0x00000000f0700000)
  to   space 12288K, 0% used [0x00000000f1000000,0x00000000f1000000,0x00000000f1c00000)
 ParOldGen       total 120320K, used 60765K [0x00000000c1200000, 0x00000000c8780000, 0x00000000eb100000)
  object space 120320K, 50% used [0x00000000c1200000,0x00000000c4d57458,0x00000000c8780000)
 Metaspace       used 70557K, capacity 71646K, committed 72024K, reserved 1112064K
  class space    used 8638K, capacity 8918K, committed 9048K, reserved 1048576K
Event: 1176.710 GC heap after
Heap after GC invocations=45 (full 3):
 PSYoungGen      total 91136K, used 160K [0x00000000eb100000, 0x00000000f1880000, 0x0000000100000000)
  eden space 82432K, 0% used [0x00000000eb100000,0x00000000eb100000,0x00000000f0180000)
  from space 8704K, 1% used [0x00000000f1000000,0x00000000f1028000,0x00000000f1880000)
  to   space 11776K, 0% used [0x00000000f0180000,0x00000000f0180000,0x00000000f0d00000)
 ParOldGen       total 120320K, used 60781K [0x00000000c1200000, 0x00000000c8780000, 0x00000000eb100000)
  object space 120320K, 50% used [0x00000000c1200000,0x00000000c4d5b458,0x00000000c8780000)
 Metaspace       used 70557K, capacity 71646K, committed 72024K, reserved 1112064K
  class space    used 8638K, capacity 8918K, committed 9048K, reserved 1048576K
}
Event: 1180.002 GC heap before
{Heap before GC invocations=46 (full 3):
 PSYoungGen      total 91136K, used 82592K [0x00000000eb100000, 0x00000000f1880000, 0x0000000100000000)
  eden space 82432K, 100% used [0x00000000eb100000,0x00000000f0180000,0x00000000f0180000)
  from space 8704K, 1% used [0x00000000f1000000,0x00000000f1028000,0x00000000f1880000)
  to   space 11776K, 0% used [0x00000000f0180000,0x00000000f0180000,0x00000000f0d00000)
 ParOldGen       total 120320K, used 60781K [0x00000000c1200000, 0x00000000c8780000, 0x00000000eb100000)
  object space 120320K, 50% used [0x00000000c1200000,0x00000000c4d5b458,0x00000000c8780000)
 Metaspace       used 70557K, capacity 71646K, committed 72024K, reserved 1112064K
  class space    used 8638K, capacity 8918K, committed 9048K, reserved 1048576K
Event: 1180.007 GC heap after
Heap after GC invocations=46 (full 3):
 PSYoungGen      total 80896K, used 96K [0x00000000eb100000, 0x00000000f1580000, 0x0000000100000000)
  eden space 80384K, 0% used [0x00000000eb100000,0x00000000eb100000,0x00000000eff80000)
  from space 512K, 18% used [0x00000000f0180000,0x00000000f0198000,0x00000000f0200000)
  to   space 11264K, 0% used [0x00000000f0a80000,0x00000000f0a80000,0x00000000f1580000)
 ParOldGen       total 120320K, used 60789K [0x00000000c1200000, 0x00000000c8780000, 0x00000000eb100000)
  object space 120320K, 50% used [0x00000000c1200000,0x00000000c4d5d458,0x00000000c8780000)
 Metaspace       used 70557K, capacity 71646K, committed 72024K, reserved 1112064K
  class space    used 8638K, capacity 8918K, committed 9048K, reserved 1048576K
}
Event: 1183.176 GC heap before
{Heap before GC invocations=47 (full 3):
 PSYoungGen      total 80896K, used 80480K [0x00000000eb100000, 0x00000000f1580000, 0x0000000100000000)
  eden space 80384K, 100% used [0x00000000eb100000,0x00000000eff80000,0x00000000eff80000)
  from space 512K, 18% used [0x00000000f0180000,0x00000000f0198000,0x00000000f0200000)
  to   space 11264K, 0% used [0x00000000f0a80000,0x00000000f0a80000,0x00000000f1580000)
 ParOldGen       total 120320K, used 60789K [0x00000000c1200000, 0x00000000c8780000, 0x00000000eb100000)
  object space 120320K, 50% used [0x00000000c1200000,0x00000000c4d5d458,0x00000000c8780000)
 Metaspace       used 70560K, capacity 71646K, committed 72024K, reserved 1112064K
  class space    used 8638K, capacity 8918K, committed 9048K, reserved 1048576K
Event: 1183.180 GC heap after
Heap after GC invocations=47 (full 3):
 PSYoungGen      total 86528K, used 128K [0x00000000eb100000, 0x00000000f1280000, 0x0000000100000000)
  eden space 78336K, 0% used [0x00000000eb100000,0x00000000eb100000,0x00000000efd80000)
  from space 8192K, 1% used [0x00000000f0a80000,0x00000000f0aa0000,0x00000000f1280000)
  to   space 10752K, 0% used [0x00000000efd80000,0x00000000efd80000,0x00000000f0800000)
 ParOldGen       total 120320K, used 60805K [0x00000000c1200000, 0x00000000c8780000, 0x00000000eb100000)
  object space 120320K, 50% used [0x00000000c1200000,0x00000000c4d61458,0x00000000c8780000)
 Metaspace       used 70560K, capacity 71646K, committed 72024K, reserved 1112064K
  class space    used 8638K, capacity 8918K, committed 9048K, reserved 1048576K
}
Event: 1185.519 GC heap before
{Heap before GC invocations=48 (full 3):
 PSYoungGen      total 86528K, used 78464K [0x00000000eb100000, 0x00000000f1280000, 0x0000000100000000)
  eden space 78336K, 100% used [0x00000000eb100000,0x00000000efd80000,0x00000000efd80000)
  from space 8192K, 1% used [0x00000000f0a80000,0x00000000f0aa0000,0x00000000f1280000)
  to   space 10752K, 0% used [0x00000000efd80000,0x00000000efd80000,0x00000000f0800000)
 ParOldGen       total 120320K, used 60805K [0x00000000c1200000, 0x00000000c8780000, 0x00000000eb100000)
  object space 120320K, 50% used [0x00000000c1200000,0x00000000c4d61458,0x00000000c8780000)
 Metaspace       used 70578K, capacity 71646K, committed 72024K, reserved 1112064K
  class space    used 8639K, capacity 8918K, committed 9048K, reserved 1048576K
Event: 1185.523 GC heap after
Heap after GC invocations=48 (full 3):
 PSYoungGen      total 76800K, used 320K [0x00000000eb100000, 0x00000000f0f80000, 0x0000000100000000)
  eden space 76288K, 0% used [0x00000000eb100000,0x00000000eb100000,0x00000000efb80000)
  from space 512K, 62% used [0x00000000efd80000,0x00000000efdd0020,0x00000000efe00000)
  to   space 10240K, 0% used [0x00000000f0580000,0x00000000f0580000,0x00000000f0f80000)
 ParOldGen       total 120320K, used 60821K [0x00000000c1200000, 0x00000000c8780000, 0x00000000eb100000)
  object space 120320K, 50% used [0x00000000c1200000,0x00000000c4d65458,0x00000000c8780000)
 Metaspace       used 70578K, capacity 71646K, committed 72024K, reserved 1112064K
  class space    used 8639K, capacity 8918K, committed 9048K, reserved 1048576K
}

